<?xml version="1.0" encoding="UTF-8"?>
<testsuite name="gov.pnnl.proven.cluster.member.util.ProvenMemberTest" tests="2" skipped="0" failures="0" errors="0" timestamp="2018-10-10T18:33:15" hostname="entiat" time="0.01">
  <properties/>
  <testcase name="test" classname="gov.pnnl.proven.cluster.member.util.ProvenMemberTest" time="0.002"/>
  <testcase name="test" classname="gov.pnnl.proven.cluster.member.util.ProvenMemberTest" time="0.0"/>
  <system-out><![CDATA[]]></system-out>
  <system-err><![CDATA[]]></system-err>
</testsuite>
